2019-11-03 16:06:49.978 [main] INFO  com.neimeng.workflow.helloword.HelloWorld01:50 - Starting HelloWorld01 on wangyj with PID 7376 (started by issuser in D:\project\others\study\design_pattern\activiti-demo)
2019-11-03 16:06:49.988 [main] INFO  com.neimeng.workflow.helloword.HelloWorld01:646 - No active profile set, falling back to default profiles: default
2019-11-03 16:06:54.502 [main] INFO  com.zaxxer.hikari.HikariDataSource:110 - HikariPool-1 - Starting...
2019-11-03 16:06:56.113 [main] INFO  com.zaxxer.hikari.HikariDataSource:123 - HikariPool-1 - Start completed.
2019-11-03 16:06:57.901 [main] INFO  o.a.e.c.DefaultActiviti5CompatibilityHandlerFactory:38 - Activiti 5 compatibility handler implementation not found or error during instantiation : org.activiti.compatibility.DefaultActiviti5CompatibilityHandler. Activiti 5 backwards compatibility disabled.
2019-11-03 16:06:58.320 [main] INFO  org.activiti.engine.impl.ProcessEngineImpl:87 - ProcessEngine default created
2019-11-03 16:07:00.595 [main] INFO  com.neimeng.workflow.helloword.HelloWorld01:59 - Started HelloWorld01 in 12.195 seconds (JVM running for 15.299)
2019-11-03 16:07:15.336 [Thread-2] INFO  com.zaxxer.hikari.HikariDataSource:350 - HikariPool-1 - Shutdown initiated...
2019-11-03 16:07:15.396 [Thread-2] INFO  com.zaxxer.hikari.HikariDataSource:352 - HikariPool-1 - Shutdown completed.
2019-11-03 16:07:57.696 [main] INFO  com.neimeng.workflow.helloword.HelloWorld01:50 - Starting HelloWorld01 on wangyj with PID 6456 (started by issuser in D:\project\others\study\design_pattern\activiti-demo)
2019-11-03 16:07:57.703 [main] INFO  com.neimeng.workflow.helloword.HelloWorld01:646 - No active profile set, falling back to default profiles: default
2019-11-03 16:08:01.490 [main] INFO  com.zaxxer.hikari.HikariDataSource:110 - HikariPool-1 - Starting...
2019-11-03 16:08:01.891 [main] INFO  com.zaxxer.hikari.HikariDataSource:123 - HikariPool-1 - Start completed.
2019-11-03 16:08:03.555 [main] INFO  o.a.e.c.DefaultActiviti5CompatibilityHandlerFactory:38 - Activiti 5 compatibility handler implementation not found or error during instantiation : org.activiti.compatibility.DefaultActiviti5CompatibilityHandler. Activiti 5 backwards compatibility disabled.
2019-11-03 16:08:03.710 [main] INFO  org.activiti.engine.impl.ProcessEngineImpl:87 - ProcessEngine default created
2019-11-03 16:08:06.361 [main] INFO  com.neimeng.workflow.helloword.HelloWorld01:59 - Started HelloWorld01 in 10.394 seconds (JVM running for 12.743)
2019-11-03 16:08:11.667 [main] ERROR o.activiti.engine.impl.interceptor.CommandContext:122 - Error while closing command context
org.activiti.bpmn.exceptions.XMLException: 3 字节的 UTF-8 序列的字节 3 无效。
	at org.activiti.bpmn.converter.BpmnXMLConverter.convertToBpmnModel(BpmnXMLConverter.java:280)
	at org.activiti.engine.impl.bpmn.parser.BpmnParse.execute(BpmnParse.java:148)
	at org.activiti.engine.impl.bpmn.deployer.ParsedDeploymentBuilder.createBpmnParseFromResource(ParsedDeploymentBuilder.java:96)
	at org.activiti.engine.impl.bpmn.deployer.ParsedDeploymentBuilder.build(ParsedDeploymentBuilder.java:55)
	at org.activiti.engine.impl.bpmn.deployer.BpmnDeployer.deploy(BpmnDeployer.java:71)
	at org.activiti.engine.impl.persistence.deploy.DeploymentManager.deploy(DeploymentManager.java:60)
	at org.activiti.engine.impl.cmd.DeployCmd.executeDeploy(DeployCmd.java:110)
	at org.activiti.engine.impl.cmd.DeployCmd.execute(DeployCmd.java:60)
	at org.activiti.engine.impl.cmd.DeployCmd.execute(DeployCmd.java:40)
	at org.activiti.engine.impl.interceptor.CommandInvoker$1.run(CommandInvoker.java:37)
	at org.activiti.engine.impl.interceptor.CommandInvoker.executeOperation(CommandInvoker.java:78)
	at org.activiti.engine.impl.interceptor.CommandInvoker.executeOperations(CommandInvoker.java:57)
	at org.activiti.engine.impl.interceptor.CommandInvoker.execute(CommandInvoker.java:42)
	at org.activiti.engine.impl.interceptor.TransactionContextInterceptor.execute(TransactionContextInterceptor.java:48)
	at org.activiti.engine.impl.interceptor.CommandContextInterceptor.execute(CommandContextInterceptor.java:63)
	at org.activiti.spring.SpringTransactionInterceptor$1.doInTransaction(SpringTransactionInterceptor.java:47)
	at org.springframework.transaction.support.TransactionTemplate.execute(TransactionTemplate.java:140)
	at org.activiti.spring.SpringTransactionInterceptor.execute(SpringTransactionInterceptor.java:45)
	at org.activiti.engine.impl.interceptor.LogInterceptor.execute(LogInterceptor.java:29)
	at org.activiti.engine.impl.cfg.CommandExecutorImpl.execute(CommandExecutorImpl.java:44)
	at org.activiti.engine.impl.cfg.CommandExecutorImpl.execute(CommandExecutorImpl.java:39)
	at org.activiti.engine.impl.RepositoryServiceImpl.deploy(RepositoryServiceImpl.java:86)
	at org.activiti.engine.impl.repository.DeploymentBuilderImpl.deploy(DeploymentBuilderImpl.java:188)
	at com.neimeng.workflow.helloword.HelloWorld01.deploymentProcessDefinition(HelloWorld01.java:42)
	at sun.reflect.NativeMethodAccessorImpl.invoke0(Native Method)
	at sun.reflect.NativeMethodAccessorImpl.invoke(NativeMethodAccessorImpl.java:62)
	at sun.reflect.DelegatingMethodAccessorImpl.invoke(DelegatingMethodAccessorImpl.java:43)
	at java.lang.reflect.Method.invoke(Method.java:497)
	at org.junit.runners.model.FrameworkMethod$1.runReflectiveCall(FrameworkMethod.java:50)
	at org.junit.internal.runners.model.ReflectiveCallable.run(ReflectiveCallable.java:12)
	at org.junit.runners.model.FrameworkMethod.invokeExplosively(FrameworkMethod.java:47)
	at org.junit.internal.runners.statements.InvokeMethod.evaluate(InvokeMethod.java:17)
	at org.springframework.test.context.junit4.statements.RunBeforeTestExecutionCallbacks.evaluate(RunBeforeTestExecutionCallbacks.java:74)
	at org.springframework.test.context.junit4.statements.RunAfterTestExecutionCallbacks.evaluate(RunAfterTestExecutionCallbacks.java:84)
	at org.springframework.test.context.junit4.statements.RunBeforeTestMethodCallbacks.evaluate(RunBeforeTestMethodCallbacks.java:75)
	at org.springframework.test.context.junit4.statements.RunAfterTestMethodCallbacks.evaluate(RunAfterTestMethodCallbacks.java:86)
	at org.springframework.test.context.junit4.statements.SpringRepeat.evaluate(SpringRepeat.java:84)
	at org.junit.runners.ParentRunner.runLeaf(ParentRunner.java:325)
	at org.springframework.test.context.junit4.SpringJUnit4ClassRunner.runChild(SpringJUnit4ClassRunner.java:251)
	at org.springframework.test.context.junit4.SpringJUnit4ClassRunner.runChild(SpringJUnit4ClassRunner.java:97)
	at org.junit.runners.ParentRunner$3.run(ParentRunner.java:290)
	at org.junit.runners.ParentRunner$1.schedule(ParentRunner.java:71)
	at org.junit.runners.ParentRunner.runChildren(ParentRunner.java:288)
	at org.junit.runners.ParentRunner.access$000(ParentRunner.java:58)
	at org.junit.runners.ParentRunner$2.evaluate(ParentRunner.java:268)
	at org.springframework.test.context.junit4.statements.RunBeforeTestClassCallbacks.evaluate(RunBeforeTestClassCallbacks.java:61)
	at org.springframework.test.context.junit4.statements.RunAfterTestClassCallbacks.evaluate(RunAfterTestClassCallbacks.java:70)
	at org.junit.runners.ParentRunner.run(ParentRunner.java:363)
	at org.springframework.test.context.junit4.SpringJUnit4ClassRunner.run(SpringJUnit4ClassRunner.java:190)
	at org.junit.runner.JUnitCore.run(JUnitCore.java:137)
	at com.intellij.junit4.JUnit4IdeaTestRunner.startRunnerWithArgs(JUnit4IdeaTestRunner.java:68)
	at com.intellij.rt.execution.junit.IdeaTestRunner$Repeater.startRunnerWithArgs(IdeaTestRunner.java:47)
	at com.intellij.rt.execution.junit.JUnitStarter.prepareStreamsAndStart(JUnitStarter.java:242)
	at com.intellij.rt.execution.junit.JUnitStarter.main(JUnitStarter.java:70)
Caused by: com.sun.org.apache.xerces.internal.impl.io.MalformedByteSequenceException: 3 字节的 UTF-8 序列的字节 3 无效。
	at com.sun.org.apache.xerces.internal.impl.io.UTF8Reader.invalidByte(UTF8Reader.java:691)
	at com.sun.org.apache.xerces.internal.impl.io.UTF8Reader.read(UTF8Reader.java:435)
	at com.sun.org.apache.xerces.internal.impl.XMLEntityScanner.load(XMLEntityScanner.java:1743)
	at com.sun.org.apache.xerces.internal.impl.XMLEntityScanner.scanLiteral(XMLEntityScanner.java:1059)
	at com.sun.org.apache.xerces.internal.impl.XMLScanner.scanAttributeValue(XMLScanner.java:996)
	at com.sun.org.apache.xerces.internal.impl.XMLNSDocumentScannerImpl.scanAttribute(XMLNSDocumentScannerImpl.java:439)
	at com.sun.org.apache.xerces.internal.impl.XMLNSDocumentScannerImpl.scanStartElement(XMLNSDocumentScannerImpl.java:255)
	at com.sun.org.apache.xerces.internal.impl.XMLDocumentFragmentScannerImpl$FragmentContentDriver.next(XMLDocumentFragmentScannerImpl.java:2786)
	at com.sun.org.apache.xerces.internal.impl.XMLDocumentScannerImpl.next(XMLDocumentScannerImpl.java:606)
	at com.sun.org.apache.xerces.internal.impl.XMLNSDocumentScannerImpl.next(XMLNSDocumentScannerImpl.java:117)
	at com.sun.org.apache.xerces.internal.impl.XMLDocumentFragmentScannerImpl.scanDocument(XMLDocumentFragmentScannerImpl.java:510)
	at com.sun.org.apache.xerces.internal.parsers.XML11Configuration.parse(XML11Configuration.java:848)
	at com.sun.org.apache.xerces.internal.parsers.XML11Configuration.parse(XML11Configuration.java:777)
	at com.sun.org.apache.xerces.internal.jaxp.validation.StreamValidatorHelper.validate(StreamValidatorHelper.java:155)
	at com.sun.org.apache.xerces.internal.jaxp.validation.ValidatorImpl.validate(ValidatorImpl.java:116)
	at javax.xml.validation.Validator.validate(Validator.java:124)
	at org.activiti.bpmn.converter.BpmnXMLConverter.validateModel(BpmnXMLConverter.java:214)
	at org.activiti.bpmn.converter.BpmnXMLConverter.convertToBpmnModel(BpmnXMLConverter.java:269)
	... 53 common frames omitted
2019-11-03 16:08:14.789 [Thread-2] INFO  com.zaxxer.hikari.HikariDataSource:350 - HikariPool-1 - Shutdown initiated...
2019-11-03 16:08:14.809 [Thread-2] INFO  com.zaxxer.hikari.HikariDataSource:352 - HikariPool-1 - Shutdown completed.
2019-11-03 16:10:10.499 [main] INFO  com.neimeng.workflow.helloword.HelloWorld01:50 - Starting HelloWorld01 on wangyj with PID 8964 (started by issuser in D:\project\others\study\design_pattern\activiti-demo)
2019-11-03 16:10:10.504 [main] INFO  com.neimeng.workflow.helloword.HelloWorld01:646 - No active profile set, falling back to default profiles: default
2019-11-03 16:10:14.200 [main] INFO  com.zaxxer.hikari.HikariDataSource:110 - HikariPool-1 - Starting...
2019-11-03 16:10:14.608 [main] INFO  com.zaxxer.hikari.HikariDataSource:123 - HikariPool-1 - Start completed.
2019-11-03 16:10:15.943 [main] INFO  o.a.e.c.DefaultActiviti5CompatibilityHandlerFactory:38 - Activiti 5 compatibility handler implementation not found or error during instantiation : org.activiti.compatibility.DefaultActiviti5CompatibilityHandler. Activiti 5 backwards compatibility disabled.
2019-11-03 16:10:16.121 [main] INFO  org.activiti.engine.impl.ProcessEngineImpl:87 - ProcessEngine default created
2019-11-03 16:10:18.251 [main] INFO  com.neimeng.workflow.helloword.HelloWorld01:59 - Started HelloWorld01 in 9.762 seconds (JVM running for 12.312)
2019-11-03 16:10:26.951 [Thread-2] INFO  com.zaxxer.hikari.HikariDataSource:350 - HikariPool-1 - Shutdown initiated...
2019-11-03 16:10:26.972 [Thread-2] INFO  com.zaxxer.hikari.HikariDataSource:352 - HikariPool-1 - Shutdown completed.
2019-11-03 16:12:43.055 [main] INFO  com.neimeng.workflow.helloword.HelloWorld01:50 - Starting HelloWorld01 on wangyj with PID 7808 (started by issuser in D:\project\others\study\design_pattern\activiti-demo)
2019-11-03 16:12:43.065 [main] INFO  com.neimeng.workflow.helloword.HelloWorld01:646 - No active profile set, falling back to default profiles: default
2019-11-03 16:12:46.154 [main] INFO  com.zaxxer.hikari.HikariDataSource:110 - HikariPool-1 - Starting...
2019-11-03 16:12:46.510 [main] INFO  com.zaxxer.hikari.HikariDataSource:123 - HikariPool-1 - Start completed.
2019-11-03 16:12:47.846 [main] INFO  o.a.e.c.DefaultActiviti5CompatibilityHandlerFactory:38 - Activiti 5 compatibility handler implementation not found or error during instantiation : org.activiti.compatibility.DefaultActiviti5CompatibilityHandler. Activiti 5 backwards compatibility disabled.
2019-11-03 16:12:47.988 [main] INFO  org.activiti.engine.impl.ProcessEngineImpl:87 - ProcessEngine default created
2019-11-03 16:12:50.166 [main] INFO  com.neimeng.workflow.helloword.HelloWorld01:59 - Started HelloWorld01 in 8.872 seconds (JVM running for 11.572)
2019-11-03 16:13:03.647 [Thread-2] INFO  com.zaxxer.hikari.HikariDataSource:350 - HikariPool-1 - Shutdown initiated...
2019-11-03 16:13:03.673 [Thread-2] INFO  com.zaxxer.hikari.HikariDataSource:352 - HikariPool-1 - Shutdown completed.
2019-11-03 16:15:00.571 [main] INFO  com.neimeng.workflow.helloword.HelloWorld01:50 - Starting HelloWorld01 on wangyj with PID 21644 (started by issuser in D:\project\others\study\design_pattern\activiti-demo)
2019-11-03 16:15:00.577 [main] INFO  com.neimeng.workflow.helloword.HelloWorld01:646 - No active profile set, falling back to default profiles: default
2019-11-03 16:15:04.492 [main] INFO  com.zaxxer.hikari.HikariDataSource:110 - HikariPool-1 - Starting...
2019-11-03 16:15:04.863 [main] INFO  com.zaxxer.hikari.HikariDataSource:123 - HikariPool-1 - Start completed.
2019-11-03 16:15:06.571 [main] INFO  o.a.e.c.DefaultActiviti5CompatibilityHandlerFactory:38 - Activiti 5 compatibility handler implementation not found or error during instantiation : org.activiti.compatibility.DefaultActiviti5CompatibilityHandler. Activiti 5 backwards compatibility disabled.
2019-11-03 16:15:06.677 [main] INFO  org.activiti.engine.impl.ProcessEngineImpl:87 - ProcessEngine default created
2019-11-03 16:15:08.872 [main] INFO  com.neimeng.workflow.helloword.HelloWorld01:59 - Started HelloWorld01 in 10.143 seconds (JVM running for 12.553)
2019-11-03 16:18:37.433 [HikariPool-1 housekeeper] WARN  com.zaxxer.hikari.pool.HikariPool:766 - HikariPool-1 - Thread starvation or clock leap detected (housekeeper delta=3m32s467ms559µs144ns).
2019-11-03 16:18:37.455 [Thread-2] INFO  com.zaxxer.hikari.HikariDataSource:350 - HikariPool-1 - Shutdown initiated...
2019-11-03 16:18:37.473 [Thread-2] INFO  com.zaxxer.hikari.HikariDataSource:352 - HikariPool-1 - Shutdown completed.
2019-11-03 16:24:07.419 [main] INFO  com.neimeng.workflow.helloword.HelloWorld01:50 - Starting HelloWorld01 on wangyj with PID 20728 (started by issuser in D:\project\others\study\design_pattern\activiti-demo)
2019-11-03 16:24:07.428 [main] INFO  com.neimeng.workflow.helloword.HelloWorld01:646 - No active profile set, falling back to default profiles: default
2019-11-03 16:24:11.846 [main] INFO  com.zaxxer.hikari.HikariDataSource:110 - HikariPool-1 - Starting...
2019-11-03 16:24:12.416 [main] INFO  com.zaxxer.hikari.HikariDataSource:123 - HikariPool-1 - Start completed.
2019-11-03 16:24:13.899 [main] INFO  o.a.e.c.DefaultActiviti5CompatibilityHandlerFactory:38 - Activiti 5 compatibility handler implementation not found or error during instantiation : org.activiti.compatibility.DefaultActiviti5CompatibilityHandler. Activiti 5 backwards compatibility disabled.
2019-11-03 16:24:14.007 [main] INFO  org.activiti.engine.impl.ProcessEngineImpl:87 - ProcessEngine default created
2019-11-03 16:24:16.263 [main] INFO  com.neimeng.workflow.helloword.HelloWorld01:59 - Started HelloWorld01 in 10.945 seconds (JVM running for 13.246)
2019-11-03 16:24:53.003 [Thread-2] INFO  com.zaxxer.hikari.HikariDataSource:350 - HikariPool-1 - Shutdown initiated...
2019-11-03 16:24:53.022 [Thread-2] INFO  com.zaxxer.hikari.HikariDataSource:352 - HikariPool-1 - Shutdown completed.
2019-11-03 16:25:52.823 [main] INFO  com.neimeng.workflow.helloword.HelloWorld01:50 - Starting HelloWorld01 on wangyj with PID 19440 (started by issuser in D:\project\others\study\design_pattern\activiti-demo)
2019-11-03 16:25:52.827 [main] INFO  com.neimeng.workflow.helloword.HelloWorld01:646 - No active profile set, falling back to default profiles: default
2019-11-03 16:25:56.226 [main] INFO  com.zaxxer.hikari.HikariDataSource:110 - HikariPool-1 - Starting...
2019-11-03 16:25:56.596 [main] INFO  com.zaxxer.hikari.HikariDataSource:123 - HikariPool-1 - Start completed.
2019-11-03 16:25:57.942 [main] INFO  o.a.e.c.DefaultActiviti5CompatibilityHandlerFactory:38 - Activiti 5 compatibility handler implementation not found or error during instantiation : org.activiti.compatibility.DefaultActiviti5CompatibilityHandler. Activiti 5 backwards compatibility disabled.
2019-11-03 16:25:58.092 [main] INFO  org.activiti.engine.impl.ProcessEngineImpl:87 - ProcessEngine default created
2019-11-03 16:26:00.632 [main] INFO  com.neimeng.workflow.helloword.HelloWorld01:59 - Started HelloWorld01 in 9.576 seconds (JVM running for 11.879)
2019-11-03 16:26:02.067 [Thread-2] INFO  com.zaxxer.hikari.HikariDataSource:350 - HikariPool-1 - Shutdown initiated...
2019-11-03 16:26:02.089 [Thread-2] INFO  com.zaxxer.hikari.HikariDataSource:352 - HikariPool-1 - Shutdown completed.
2019-11-03 16:28:20.692 [main] INFO  com.neimeng.workflow.helloword.HelloWorld01:50 - Starting HelloWorld01 on wangyj with PID 18360 (started by issuser in D:\project\others\study\design_pattern\activiti-demo)
2019-11-03 16:28:20.701 [main] INFO  com.neimeng.workflow.helloword.HelloWorld01:646 - No active profile set, falling back to default profiles: default
2019-11-03 16:28:24.895 [main] INFO  com.zaxxer.hikari.HikariDataSource:110 - HikariPool-1 - Starting...
2019-11-03 16:28:25.242 [main] INFO  com.zaxxer.hikari.HikariDataSource:123 - HikariPool-1 - Start completed.
2019-11-03 16:28:26.664 [main] INFO  o.a.e.c.DefaultActiviti5CompatibilityHandlerFactory:38 - Activiti 5 compatibility handler implementation not found or error during instantiation : org.activiti.compatibility.DefaultActiviti5CompatibilityHandler. Activiti 5 backwards compatibility disabled.
2019-11-03 16:28:26.778 [main] INFO  org.activiti.engine.impl.ProcessEngineImpl:87 - ProcessEngine default created
2019-11-03 16:28:28.829 [main] INFO  com.neimeng.workflow.helloword.HelloWorld01:59 - Started HelloWorld01 in 9.654 seconds (JVM running for 12.034)
2019-11-03 16:28:29.325 [Thread-2] INFO  com.zaxxer.hikari.HikariDataSource:350 - HikariPool-1 - Shutdown initiated...
2019-11-03 16:28:29.345 [Thread-2] INFO  com.zaxxer.hikari.HikariDataSource:352 - HikariPool-1 - Shutdown completed.
